-------------------------------------------------------------------------------
Test set: ArithmeticTest
-------------------------------------------------------------------------------
Tests run: 1, Failures: 1, Errors: 0, Skipped: 0, Time elapsed: 0 sec <<< FAILURE!
ArithmeticTest.testAdd()  Time elapsed: 0 sec  <<< FAILURE!
java.lang.RuntimeException: Uncompilable source code - Erroneous tree type: org.junit.Test
	at ArithmeticTest.testAdd(ArithmeticTest.java:18)

